<?xml version="1.0" encoding="UTF-8"?>
<!-- Generated by org.testng.reporters.JUnitReportReporter -->
<testsuite hostname="DESKTOP-F52EDBA" failures="0" tests="1" name="testscripts.GenerateHARFile" time="16.442" errors="0" timestamp="30 Mar 2023 07:56:53 GMT">
  <testcase classname="testscripts.GenerateHARFile" name="generateAndParseHARFileTest" time="16.442"/>
</testsuite> <!-- testscripts.GenerateHARFile -->
