<?xml version="1.0" encoding="UTF-8"?>
<!-- Generated by org.testng.reporters.JUnitReportReporter -->
<testsuite hostname="DESKTOP-VV5IEOU" failures="0" tests="1" name="testscripts.FirstTest" time="6.270" errors="0" timestamp="2023-02-28T12:53:36 IST" skipped="0">
  <testcase classname="testscripts.FirstTest" name="firstTest" time="6.270"/>
  <system-out/>
</testsuite> <!-- testscripts.FirstTest -->
