<?xml version="1.0" encoding="UTF-8"?>
<!-- Generated by org.testng.reporters.JUnitReportReporter -->
<testsuite hostname="DESKTOP-VV5IEOU" failures="0" tests="1" name="testscripts.FourthTest" time="8.401" errors="0" timestamp="2023-02-28T14:01:59 IST" skipped="0">
  <testcase classname="testscripts.FourthTest" name="fourthTest" time="8.401"/>
  <system-out/>
</testsuite> <!-- testscripts.FourthTest -->
