<?xml version="1.0" encoding="UTF-8"?>
<!-- Generated by org.testng.reporters.JUnitReportReporter -->
<testsuite hostname="DESKTOP-VV5IEOU" failures="0" tests="1" name="testscripts.SecondTest" time="14.384" errors="0" timestamp="2023-02-28T13:17:56 IST" skipped="0">
  <testcase classname="testscripts.SecondTest" name="secondTest" time="14.384"/>
  <system-out/>
</testsuite> <!-- testscripts.SecondTest -->
